<?xml version="1.0" encoding="UTF-8"?>
<!-- Generated by org.testng.reporters.JUnitXMLReporter -->
<testsuite ignored="6" hostname="DESKTOP-PN1U2KN" failures="0" tests="2" name="Default test" time="14.627" errors="0" timestamp="2025-12-28T13:53:53 EET">
  <testcase classname="Project.Project1" name="login" time="0.424"/>
  <testcase classname="Project.Project1" name="Add3" time="10.611"/>
  <testcase classname="Project.Project1" name="testProductSortDropdown" time="0.0">
    <ignored/>
  </testcase> <!-- testProductSortDropdown -->
  <testcase classname="Project.Project1" name="AddTOCart1" time="0.0">
    <ignored/>
  </testcase> <!-- AddTOCart1 -->
  <testcase classname="Project.Project1" name="Aaa1" time="0.0">
    <ignored/>
  </testcase> <!-- Aaa1 -->
  <testcase classname="Project.Project1" name="Addtwotems" time="0.0">
    <ignored/>
  </testcase> <!-- Addtwotems -->
  <testcase classname="Project.Project1" name="Add2" time="0.0">
    <ignored/>
  </testcase> <!-- Add2 -->
  <testcase classname="Project.Project1" name="AddTOCart" time="0.0">
    <ignored/>
  </testcase> <!-- AddTOCart -->
</testsuite> <!-- Default test -->
