<?xml version="1.0" encoding="UTF-8"?>
<testng-results ignored="6" total="8" passed="2" failed="0" skipped="0">
  <reporter-output>
  </reporter-output>
  <suite started-at="2025-12-28T13:53:38 EET" name="Default suite" finished-at="2025-12-28T13:53:53 EET" duration-ms="14627">
    <groups>
    </groups>
    <test started-at="2025-12-28T13:53:38 EET" name="Default test" finished-at="2025-12-28T13:53:53 EET" duration-ms="14627">
      <class name="Project.Project1">
        <test-method is-config="true" signature="mySetup()[pri:0, instance:Project.Project1@5542c4ed]" started-at="2025-12-28T13:53:38 EET" name="mySetup" finished-at="2025-12-28T13:53:42 EET" duration-ms="3544" status="PASS">
          <reporter-output>
          </reporter-output>
        </test-method> <!-- mySetup -->
        <test-method signature="login()[pri:1, instance:Project.Project1@5542c4ed]" started-at="2025-12-28T13:53:42 EET" name="login" finished-at="2025-12-28T13:53:42 EET" duration-ms="424" status="PASS">
          <reporter-output>
          </reporter-output>
        </test-method> <!-- login -->
        <test-method signature="Add3()[pri:7, instance:Project.Project1@5542c4ed]" started-at="2025-12-28T13:53:42 EET" name="Add3" finished-at="2025-12-28T13:53:53 EET" duration-ms="10611" status="PASS">
          <reporter-output>
          </reporter-output>
        </test-method> <!-- Add3 -->
      </class> <!-- Project.Project1 -->
    </test> <!-- Default test -->
  </suite> <!-- Default suite -->
</testng-results>
