<?xml version="1.0" encoding="UTF-8"?>
<!-- Generated by org.testng.reporters.JUnitReportReporter -->
<testsuite hostname="DESKTOP-PN1U2KN" failures="0" tests="8" name="Project.Project1" time="6.407" errors="0" timestamp="2025-11-06T13:32:21 EET" skipped="6">
  <testcase classname="Project.Project1" name="login" time="0.265"/>
  <testcase classname="Project.Project1" name="Add3" time="6.142"/>
  <testcase classname="Project.Project1" name="testProductSortDropdown">
    <skipped/>
  </testcase> <!-- testProductSortDropdown -->
  <testcase classname="Project.Project1" name="AddTOCart1">
    <skipped/>
  </testcase> <!-- AddTOCart1 -->
  <testcase classname="Project.Project1" name="Aaa1">
    <skipped/>
  </testcase> <!-- Aaa1 -->
  <testcase classname="Project.Project1" name="Addtwotems">
    <skipped/>
  </testcase> <!-- Addtwotems -->
  <testcase classname="Project.Project1" name="Add2">
    <skipped/>
  </testcase> <!-- Add2 -->
  <testcase classname="Project.Project1" name="AddTOCart">
    <skipped/>
  </testcase> <!-- AddTOCart -->
</testsuite> <!-- Project.Project1 -->
